Determining if the pthread_create exist failed with the following output:
Change Dir: /home/robert/ROS/build/CMakeFiles/CMakeTmp

Run Build Command:/usr/bin/make "cmTryCompileExec3847751664/fast"
/usr/bin/make -f CMakeFiles/cmTryCompileExec3847751664.dir/build.make CMakeFiles/cmTryCompileExec3847751664.dir/build
make[1]: Entering directory `/home/robert/ROS/build/CMakeFiles/CMakeTmp'
/usr/bin/cmake -E cmake_progress_report /home/robert/ROS/build/CMakeFiles/CMakeTmp/CMakeFiles 1
Building C object CMakeFiles/cmTryCompileExec3847751664.dir/CheckSymbolExists.c.o
/usr/bin/cc    -o CMakeFiles/cmTryCompileExec3847751664.dir/CheckSymbolExists.c.o   -c /home/robert/ROS/build/CMakeFiles/CMakeTmp/CheckSymbolExists.c
Linking C executable cmTryCompileExec3847751664
/usr/bin/cmake -E cmake_link_script CMakeFiles/cmTryCompileExec3847751664.dir/link.txt --verbose=1
/usr/bin/cc       CMakeFiles/cmTryCompileExec3847751664.dir/CheckSymbolExists.c.o  -o cmTryCompileExec3847751664 -rdynamic 
CMakeFiles/cmTryCompileExec3847751664.dir/CheckSymbolExists.c.o: In function `main':
CheckSymbolExists.c:(.text+0x16): undefined reference to `pthread_create'
collect2: error: ld returned 1 exit status
make[1]: *** [cmTryCompileExec3847751664] Error 1
make[1]: Leaving directory `/home/robert/ROS/build/CMakeFiles/CMakeTmp'
make: *** [cmTryCompileExec3847751664/fast] Error 2

File /home/robert/ROS/build/CMakeFiles/CMakeTmp/CheckSymbolExists.c:
/* */
#include <pthread.h>

int main(int argc, char** argv)
{
  (void)argv;
#ifndef pthread_create
  return ((int*)(&pthread_create))[argc];
#else
  (void)argc;
  return 0;
#endif
}

Determining if the function pthread_create exists in the pthreads failed with the following output:
Change Dir: /home/robert/ROS/build/CMakeFiles/CMakeTmp

Run Build Command:/usr/bin/make "cmTryCompileExec142296690/fast"
/usr/bin/make -f CMakeFiles/cmTryCompileExec142296690.dir/build.make CMakeFiles/cmTryCompileExec142296690.dir/build
make[1]: Entering directory `/home/robert/ROS/build/CMakeFiles/CMakeTmp'
/usr/bin/cmake -E cmake_progress_report /home/robert/ROS/build/CMakeFiles/CMakeTmp/CMakeFiles 1
Building C object CMakeFiles/cmTryCompileExec142296690.dir/CheckFunctionExists.c.o
/usr/bin/cc   -DCHECK_FUNCTION_EXISTS=pthread_create   -o CMakeFiles/cmTryCompileExec142296690.dir/CheckFunctionExists.c.o   -c /usr/share/cmake-2.8/Modules/CheckFunctionExists.c
Linking C executable cmTryCompileExec142296690
/usr/bin/cmake -E cmake_link_script CMakeFiles/cmTryCompileExec142296690.dir/link.txt --verbose=1
/usr/bin/cc   -DCHECK_FUNCTION_EXISTS=pthread_create    CMakeFiles/cmTryCompileExec142296690.dir/CheckFunctionExists.c.o  -o cmTryCompileExec142296690 -rdynamic -lpthreads 
/usr/bin/ld: cannot find -lpthreads
collect2: error: ld returned 1 exit status
make[1]: *** [cmTryCompileExec142296690] Error 1
make[1]: Leaving directory `/home/robert/ROS/build/CMakeFiles/CMakeTmp'
make: *** [cmTryCompileExec142296690/fast] Error 2


